  Source.cpp
Source.obj : error LNK2019: unresolved external symbol "bool __cdecl bubble_sort(class std::vector<int,class std::allocator<int> > &,struct SortMetrics &)" (?bubble_sort@@YA_NAAV?$vector@HV?$allocator@H@std@@@std@@AAUSortMetrics@@@Z) referenced in function "struct SortMetrics __cdecl test_bubble_sort<class std::vector<int,class std::allocator<int> > >(class std::vector<int,class std::allocator<int> >)" (??$test_bubble_sort@V?$vector@HV?$allocator@H@std@@@std@@@@YA?AUSortMetrics@@V?$vector@HV?$allocator@H@std@@@std@@@Z)
    Hint on symbols that are defined and could potentially match:
      "bool __cdecl bubble_sort(class std::set<int,struct std::less<int>,class std::allocator<int> > &,struct SortMetrics &)" (?bubble_sort@@YA_NAAV?$set@HU?$less@H@std@@V?$allocator@H@2@@std@@AAUSortMetrics@@@Z)
Source.obj : error LNK2019: unresolved external symbol "bool __cdecl bubble_sort(class std::list<int,class std::allocator<int> > &,struct SortMetrics &)" (?bubble_sort@@YA_NAAV?$list@HV?$allocator@H@std@@@std@@AAUSortMetrics@@@Z) referenced in function "struct SortMetrics __cdecl test_bubble_sort<class std::list<int,class std::allocator<int> > >(class std::list<int,class std::allocator<int> >)" (??$test_bubble_sort@V?$list@HV?$allocator@H@std@@@std@@@@YA?AUSortMetrics@@V?$list@HV?$allocator@H@std@@@std@@@Z)
    Hint on symbols that are defined and could potentially match:
      "bool __cdecl bubble_sort(class std::set<int,struct std::less<int>,class std::allocator<int> > &,struct SortMetrics &)" (?bubble_sort@@YA_NAAV?$set@HU?$less@H@std@@V?$allocator@H@2@@std@@AAUSortMetrics@@@Z)
Source.obj : error LNK2019: unresolved external symbol "bool __cdecl insertion_sort(class std::vector<int,class std::allocator<int> > &,struct SortMetrics &)" (?insertion_sort@@YA_NAAV?$vector@HV?$allocator@H@std@@@std@@AAUSortMetrics@@@Z) referenced in function "struct SortMetrics __cdecl test_insertion_sort<class std::vector<int,class std::allocator<int> > >(class std::vector<int,class std::allocator<int> >)" (??$test_insertion_sort@V?$vector@HV?$allocator@H@std@@@std@@@@YA?AUSortMetrics@@V?$vector@HV?$allocator@H@std@@@std@@@Z)
    Hint on symbols that are defined and could potentially match:
      "bool __cdecl insertion_sort(class std::list<int,class std::allocator<int> > &,struct SortMetrics &)" (?insertion_sort@@YA_NAAV?$list@HV?$allocator@H@std@@@std@@AAUSortMetrics@@@Z)
      "bool __cdecl insertion_sort(class std::set<int,struct std::less<int>,class std::allocator<int> > &,struct SortMetrics &)" (?insertion_sort@@YA_NAAV?$set@HU?$less@H@std@@V?$allocator@H@2@@std@@AAUSortMetrics@@@Z)
      "bool __cdecl insertion_sort(class std::vector<int,class std::allocator<int> > &)" (?insertion_sort@@YA_NAAV?$vector@HV?$allocator@H@std@@@std@@@Z)
Source.obj : error LNK2019: unresolved external symbol "bool __cdecl merge_sort(class std::vector<int,class std::allocator<int> > &,struct SortMetrics &)" (?merge_sort@@YA_NAAV?$vector@HV?$allocator@H@std@@@std@@AAUSortMetrics@@@Z) referenced in function "struct SortMetrics __cdecl test_merge_sort<class std::vector<int,class std::allocator<int> > >(class std::vector<int,class std::allocator<int> >)" (??$test_merge_sort@V?$vector@HV?$allocator@H@std@@@std@@@@YA?AUSortMetrics@@V?$vector@HV?$allocator@H@std@@@std@@@Z)
    Hint on symbols that are defined and could potentially match:
      "bool __cdecl merge_sort(class std::vector<int,class std::allocator<int> > &,struct SortMetrics &,int,int,int)" (?merge_sort@@YA_NAAV?$vector@HV?$allocator@H@std@@@std@@AAUSortMetrics@@HHH@Z)
Source.obj : error LNK2019: unresolved external symbol "bool __cdecl merge_sort(class std::list<int,class std::allocator<int> > &,struct SortMetrics &)" (?merge_sort@@YA_NAAV?$list@HV?$allocator@H@std@@@std@@AAUSortMetrics@@@Z) referenced in function "struct SortMetrics __cdecl test_merge_sort<class std::list<int,class std::allocator<int> > >(class std::list<int,class std::allocator<int> >)" (??$test_merge_sort@V?$list@HV?$allocator@H@std@@@std@@@@YA?AUSortMetrics@@V?$list@HV?$allocator@H@std@@@std@@@Z)
    Hint on symbols that are defined and could potentially match:
      "bool __cdecl merge_sort(class std::vector<int,class std::allocator<int> > &,struct SortMetrics &,int,int,int)" (?merge_sort@@YA_NAAV?$vector@HV?$allocator@H@std@@@std@@AAUSortMetrics@@HHH@Z)
Source.obj : error LNK2019: unresolved external symbol "bool __cdecl merge_sort(class std::set<int,struct std::less<int>,class std::allocator<int> > &,struct SortMetrics &)" (?merge_sort@@YA_NAAV?$set@HU?$less@H@std@@V?$allocator@H@2@@std@@AAUSortMetrics@@@Z) referenced in function "struct SortMetrics __cdecl test_merge_sort<class std::set<int,struct std::less<int>,class std::allocator<int> > >(class std::set<int,struct std::less<int>,class std::allocator<int> >)" (??$test_merge_sort@V?$set@HU?$less@H@std@@V?$allocator@H@2@@std@@@@YA?AUSortMetrics@@V?$set@HU?$less@H@std@@V?$allocator@H@2@@std@@@Z)
    Hint on symbols that are defined and could potentially match:
      "bool __cdecl merge_sort(class std::vector<int,class std::allocator<int> > &,struct SortMetrics &,int,int,int)" (?merge_sort@@YA_NAAV?$vector@HV?$allocator@H@std@@@std@@AAUSortMetrics@@HHH@Z)
C:\Users\smp20\OneDrive - Wayne State University\Desktop\Wayne\Spring 2020\ECE 4050 - Algorithms and Data Structures\Shubh_Patel_Project3\sort\Debug\sort.exe : fatal error LNK1120: 6 unresolved externals
